<?xml version="1.0" encoding="UTF-8"?>
<coverage generated="1737544448837" clover="3.2.0">
  <project timestamp="1737544448837" name="All files">
    <metrics statements="20" coveredstatements="17" conditionals="20" coveredconditionals="15" methods="12" coveredmethods="8" elements="52" coveredelements="40" complexity="0" loc="20" ncloc="20" packages="1" files="1" classes="1"/>
    <file name="server.js" path="/home/jimbo/Desktop/github/Employee Management System/dist/server.js">
      <metrics statements="20" coveredstatements="17" conditionals="20" coveredconditionals="15" methods="12" coveredmethods="8"/>
      <line num="2" count="1" type="cond" truecount="3" falsecount="0"/>
      <line num="3" count="0" type="cond" truecount="0" falsecount="2"/>
      <line num="4" count="1" type="cond" truecount="2" falsecount="0"/>
      <line num="5" count="0" type="stmt"/>
      <line num="6" count="0" type="stmt"/>
      <line num="7" count="1" type="cond" truecount="1" falsecount="1"/>
      <line num="8" count="1" type="cond" truecount="2" falsecount="0"/>
      <line num="11" count="1" type="cond" truecount="3" falsecount="0"/>
      <line num="12" count="1" type="cond" truecount="3" falsecount="1"/>
      <line num="14" count="1" type="stmt"/>
      <line num="15" count="1" type="stmt"/>
      <line num="16" count="1" type="stmt"/>
      <line num="17" count="1" type="cond" truecount="1" falsecount="1"/>
      <line num="20" count="1" type="stmt"/>
      <line num="21" count="1" type="stmt"/>
      <line num="23" count="1" type="stmt"/>
      <line num="24" count="1" type="stmt"/>
      <line num="25" count="1" type="stmt"/>
      <line num="28" count="1" type="stmt"/>
      <line num="29" count="1" type="stmt"/>
    </file>
  </project>
</coverage>
